

/******************************************************************************************
* WriteStepFile diagnostics.
* Date:                           Thu Jun 06 11:32:59 2024 
* Produced by:                    The EXPRESS Data Manager Version 5.02.0100.07 : 28 Aug 2013
* Module:                         EDMstepFileFactory/EDMstandAlone
* Host:                           MSI
* Database:                       C:\Users\IIGO~1\AppData\Local\Temp\1eae15bb-f75f-4bb5-adb1-5dde999c9faa\15417906-b9b1-4678-a1e5-63f8ede54028\ifc
* Database version:               5507
* Database creation date:         Thu Jun 06 11:32:58 2024
* Model:                          DataRepository.ifc
* Model creation date:            Thu Jun 06 11:32:58 2024
* Header model:                   DataRepository.ifc_HeaderModel
* Header model creation date:     Thu Jun 06 11:32:58 2024
* Step file:                      00_PRUEBA2.ifc
* EDMuser:                        sdai-user
* EDMgroup:                       sdai-group
* License ID and type:            5605 : Permanent license. Expiry date: 
* EDMstepFileFactory options:     020000
******************************************************************************************/


------------------------------------------------------------------------------------------------
Operation terminated successfully.
------------------------------------------------------------------------------------------------

