

/******************************************************************************************
* WriteStepFile diagnostics.
* Date:                           Wed May 08 12:25:45 2024 
* Produced by:                    The EXPRESS Data Manager Version 5.02.0100.07 : 28 Aug 2013
* Module:                         EDMstepFileFactory/EDMstandAlone
* Host:                           MSI
* Database:                       C:\Users\IIGO~1\AppData\Local\Temp\6330cc2f-5840-4513-bb10-364b6133bd19\e5b9073f-6aa9-4c4e-a9b2-be4c79225f2b\ifc
* Database version:               5507
* Database creation date:         Wed May 08 12:25:44 2024
* Model:                          DataRepository.ifc
* Model creation date:            Wed May 08 12:25:45 2024
* Header model:                   DataRepository.ifc_HeaderModel
* Header model creation date:     Wed May 08 12:25:45 2024
* Step file:                      00_PRUEBA.ifc
* EDMuser:                        sdai-user
* EDMgroup:                       sdai-group
* License ID and type:            5605 : Permanent license. Expiry date: 
* EDMstepFileFactory options:     020000
******************************************************************************************/


------------------------------------------------------------------------------------------------
Operation terminated successfully.
------------------------------------------------------------------------------------------------

