

/******************************************************************************************
* WriteStepFile diagnostics.
* Date:                           Thu Jun 06 13:33:24 2024 
* Produced by:                    The EXPRESS Data Manager Version 5.02.0100.07 : 28 Aug 2013
* Module:                         EDMstepFileFactory/EDMstandAlone
* Host:                           MSI
* Database:                       C:\Users\IIGO~1\AppData\Local\Temp\1eae15bb-f75f-4bb5-adb1-5dde999c9faa\b0992ab5-7744-4ff4-b4a8-eabca402607d\ifc
* Database version:               5507
* Database creation date:         Thu Jun 06 13:33:12 2024
* Model:                          DataRepository.ifc
* Model creation date:            Thu Jun 06 13:33:12 2024
* Header model:                   DataRepository.ifc_HeaderModel
* Header model creation date:     Thu Jun 06 13:33:12 2024
* Step file:                      ARM-MAAB-ARM01-ZZZ-M3D-ARQ-ZZZ-TFM01.ifc
* EDMuser:                        sdai-user
* EDMgroup:                       sdai-group
* License ID and type:            5605 : Permanent license. Expiry date: 
* EDMstepFileFactory options:     020000
******************************************************************************************/


------------------------------------------------------------------------------------------------
Operation terminated successfully.
------------------------------------------------------------------------------------------------

