

/******************************************************************************************
* WriteStepFile diagnostics.
* Date:                           Fri Jun 07 08:35:46 2024 
* Produced by:                    The EXPRESS Data Manager Version 5.02.0100.07 : 28 Aug 2013
* Module:                         EDMstepFileFactory/EDMstandAlone
* Host:                           MSI
* Database:                       C:\Users\IIGO~1\AppData\Local\Temp\518105ea-1ae4-4d8b-8d20-c014c4839faa\28d411b9-86ce-40b0-b8e5-f19b3c89355b\ifc
* Database version:               5507
* Database creation date:         Fri Jun 07 08:35:34 2024
* Model:                          DataRepository.ifc
* Model creation date:            Fri Jun 07 08:35:34 2024
* Header model:                   DataRepository.ifc_HeaderModel
* Header model creation date:     Fri Jun 07 08:35:34 2024
* Step file:                      ARM-MAAB-ARM01-ZZZ-M3D-ARQ-ZZZ-TFM_A.ifc
* EDMuser:                        sdai-user
* EDMgroup:                       sdai-group
* License ID and type:            5605 : Permanent license. Expiry date: 
* EDMstepFileFactory options:     020000
******************************************************************************************/


------------------------------------------------------------------------------------------------
Operation terminated successfully.
------------------------------------------------------------------------------------------------

