

/******************************************************************************************
* WriteStepFile diagnostics.
* Date:                           Fri Jun 07 03:59:10 2024 
* Produced by:                    The EXPRESS Data Manager Version 5.02.0100.07 : 28 Aug 2013
* Module:                         EDMstepFileFactory/EDMstandAlone
* Host:                           MSI
* Database:                       C:\Users\IIGO~1\AppData\Local\Temp\b128961c-d292-47e4-a5de-f1280b300df3\14ca478f-78d9-4d2b-bcb7-34f16a4443bd\ifc
* Database version:               5507
* Database creation date:         Fri Jun 07 03:59:00 2024
* Model:                          DataRepository.ifc
* Model creation date:            Fri Jun 07 03:59:01 2024
* Header model:                   DataRepository.ifc_HeaderModel
* Header model creation date:     Fri Jun 07 03:59:01 2024
* Step file:                      ARM-MAAB-ARM01-ZZZ-M3D-ARQ-ZZZ-TFM02-ARAMOTZ Ascensor tipo vinculado R1.ifc
* EDMuser:                        sdai-user
* EDMgroup:                       sdai-group
* License ID and type:            5605 : Permanent license. Expiry date: 
* EDMstepFileFactory options:     020000
******************************************************************************************/


------------------------------------------------------------------------------------------------
Operation terminated successfully.
------------------------------------------------------------------------------------------------

