

/******************************************************************************************
* WriteStepFile diagnostics.
* Date:                           Fri Jun 07 05:54:49 2024 
* Produced by:                    The EXPRESS Data Manager Version 5.02.0100.07 : 28 Aug 2013
* Module:                         EDMstepFileFactory/EDMstandAlone
* Host:                           MSI
* Database:                       C:\Users\IIGO~1\AppData\Local\Temp\2b65ad7a-9069-456f-bf03-3efcf7dea2bb\74ab2156-e3f9-4ba3-b8db-8d9804895f54\ifc
* Database version:               5507
* Database creation date:         Fri Jun 07 05:54:42 2024
* Model:                          DataRepository.ifc
* Model creation date:            Fri Jun 07 05:54:42 2024
* Header model:                   DataRepository.ifc_HeaderModel
* Header model creation date:     Fri Jun 07 05:54:42 2024
* Step file:                      ARM-MAAB-ARM01-ZZZ-M3D-ARQ-ZZZ-TFM.ifc
* EDMuser:                        sdai-user
* EDMgroup:                       sdai-group
* License ID and type:            5605 : Permanent license. Expiry date: 
* EDMstepFileFactory options:     020000
******************************************************************************************/


------------------------------------------------------------------------------------------------
Operation terminated successfully.
------------------------------------------------------------------------------------------------

