

/******************************************************************************************
* WriteStepFile diagnostics.
* Date:                           Fri Jun 07 03:58:42 2024 
* Produced by:                    The EXPRESS Data Manager Version 5.02.0100.07 : 28 Aug 2013
* Module:                         EDMstepFileFactory/EDMstandAlone
* Host:                           MSI
* Database:                       C:\Users\IIGO~1\AppData\Local\Temp\b128961c-d292-47e4-a5de-f1280b300df3\9c5a49c3-0d9e-4b0d-94de-1b1d20573930\ifc
* Database version:               5507
* Database creation date:         Fri Jun 07 03:58:35 2024
* Model:                          DataRepository.ifc
* Model creation date:            Fri Jun 07 03:58:36 2024
* Header model:                   DataRepository.ifc_HeaderModel
* Header model creation date:     Fri Jun 07 03:58:36 2024
* Step file:                      ARM-MAAB-ARM01-ZZZ-M3D-ARQ-ZZZ-TFM02.ifc
* EDMuser:                        sdai-user
* EDMgroup:                       sdai-group
* License ID and type:            5605 : Permanent license. Expiry date: 
* EDMstepFileFactory options:     020000
******************************************************************************************/


------------------------------------------------------------------------------------------------
Operation terminated successfully.
------------------------------------------------------------------------------------------------

