

/******************************************************************************************
* WriteStepFile diagnostics.
* Date:                           Fri May 10 00:13:42 2024 
* Produced by:                    The EXPRESS Data Manager Version 5.02.0100.07 : 28 Aug 2013
* Module:                         EDMstepFileFactory/EDMstandAlone
* Host:                           MSI
* Database:                       C:\Users\IIGO~1\AppData\Local\Temp\05f3b65a-81d8-49e1-85fb-8e42f9c5bd14\5e0c6fa4-0f34-4fad-a776-1fb50cdaa51b\ifc
* Database version:               5507
* Database creation date:         Fri May 10 00:13:23 2024
* Model:                          DataRepository.ifc
* Model creation date:            Fri May 10 00:13:24 2024
* Header model:                   DataRepository.ifc_HeaderModel
* Header model creation date:     Fri May 10 00:13:24 2024
* Step file:                      RCP-IUP-PE-DUR-M3D-ARQ-CENTRAL_iniuribarri.ifc
* EDMuser:                        sdai-user
* EDMgroup:                       sdai-group
* License ID and type:            5605 : Permanent license. Expiry date: 
* EDMstepFileFactory options:     020000
******************************************************************************************/


------------------------------------------------------------------------------------------------
Operation terminated successfully.
------------------------------------------------------------------------------------------------

